E:\TRYTOFINDANSWER\QUICKMACRO\MYFORMCLASS\DEBUG\.NETFRAMEWORK,VERSION=V4.0.ASSEMBLYATTRIBUTES.OBJ
E:\TryToFindAnswer\QuickMacro\MyFormClass\Debug\cl.command.1.tlog
E:\TryToFindAnswer\QuickMacro\MyFormClass\Debug\CL.read.1.tlog
E:\TryToFindAnswer\QuickMacro\MyFormClass\Debug\CL.write.1.tlog
E:\TryToFindAnswer\QuickMacro\MyFormClass\Debug\link.10916.read.1.tlog
E:\TryToFindAnswer\QuickMacro\MyFormClass\Debug\link.10916.write.1.tlog
E:\TryToFindAnswer\QuickMacro\MyFormClass\Debug\link.command.1.tlog
E:\TryToFindAnswer\QuickMacro\MyFormClass\Debug\link.read.1.tlog
E:\TryToFindAnswer\QuickMacro\MyFormClass\Debug\link.write.1.tlog
E:\TryToFindAnswer\QuickMacro\MyFormClass\Debug\mt.command.1.tlog
E:\TryToFindAnswer\QuickMacro\MyFormClass\Debug\mt.read.1.tlog
E:\TryToFindAnswer\QuickMacro\MyFormClass\Debug\mt.write.1.tlog
E:\TRYTOFINDANSWER\QUICKMACRO\MYFORMCLASS\DEBUG\MYFORMCLASS.DLL
E:\TRYTOFINDANSWER\QUICKMACRO\MYFORMCLASS\DEBUG\MYFORMCLASS.DLL.INTERMEDIATE.MANIFEST
E:\TRYTOFINDANSWER\QUICKMACRO\MYFORMCLASS\DEBUG\MYFORMCLASS.ILK
E:\TRYTOFINDANSWER\QUICKMACRO\MYFORMCLASS\DEBUG\MYFORMCLASS.PDB
E:\TryToFindAnswer\QuickMacro\MyFormClass\Debug\MyFormClass.vcxprojResolveAssemblyReference.cache
E:\TryToFindAnswer\QuickMacro\MyFormClass\Debug\MyFormClass.write.1.tlog
E:\TRYTOFINDANSWER\QUICKMACRO\MYFORMCLASS\DEBUG\MYREGISTERFORM.OBJ
E:\TRYTOFINDANSWER\QUICKMACRO\MYFORMCLASS\DEBUG\VC100.PDB
